{
  "RSpec": {
    "coverage": {
      "/Users/kaelinsalazar/turing_projects/3-mod/music_festival_app/app/models/schedule_show.rb": {
        "lines": [
          1,
          1,
          1,
          null,
          1,
          null
        ]
      },
      "/Users/kaelinsalazar/turing_projects/3-mod/music_festival_app/app/models/application_record.rb": {
        "lines": [
          1,
          1,
          null
        ]
      },
      "/Users/kaelinsalazar/turing_projects/3-mod/music_festival_app/spec/models/schedule_spec.rb": {
        "lines": [
          1,
          null,
          1,
          2,
          2,
          2,
          null,
          2,
          2,
          2,
          null
        ]
      },
      "/Users/kaelinsalazar/turing_projects/3-mod/music_festival_app/app/models/schedule.rb": {
        "lines": [
          1,
          1,
          1,
          1,
          null,
          1,
          null
        ]
      },
      "/Users/kaelinsalazar/turing_projects/3-mod/music_festival_app/spec/models/show_spec.rb": {
        "lines": [
          1,
          null,
          1,
          2,
          2,
          null,
          2,
          2,
          2,
          2,
          null
        ]
      },
      "/Users/kaelinsalazar/turing_projects/3-mod/music_festival_app/app/models/show.rb": {
        "lines": [
          1,
          1,
          1,
          null,
          1,
          null
        ]
      },
      "/Users/kaelinsalazar/turing_projects/3-mod/music_festival_app/spec/models/user_spec.rb": {
        "lines": [
          1,
          null,
          1,
          2,
          null,
          2,
          2,
          2,
          null,
          null
        ]
      },
      "/Users/kaelinsalazar/turing_projects/3-mod/music_festival_app/app/models/user.rb": {
        "lines": [
          1,
          1,
          null,
          1,
          1,
          null
        ]
      },
      "/Users/kaelinsalazar/turing_projects/3-mod/music_festival_app/spec/requests/api/v1/schedules_spec.rb": {
        "lines": [
          1,
          null,
          1,
          1,
          3,
          1,
          1,
          null,
          1,
          1,
          null,
          1,
          1,
          1,
          null,
          1,
          1,
          1,
          1,
          1,
          1,
          null,
          null,
          null,
          1,
          3,
          3,
          3,
          3,
          null,
          1,
          1,
          null,
          1,
          null,
          1,
          null,
          1,
          1,
          1,
          null,
          1,
          1,
          null,
          1,
          1,
          null,
          null,
          1,
          1,
          1,
          null,
          null,
          null,
          null,
          1,
          4,
          4,
          4,
          4,
          null,
          1,
          1,
          1,
          null,
          1,
          null,
          1,
          null,
          1,
          null,
          1,
          1,
          null,
          1,
          null,
          null,
          null,
          1,
          1,
          1,
          1,
          null,
          null,
          1,
          1,
          1,
          1,
          null,
          null,
          null,
          null,
          null,
          null
        ]
      },
      "/Users/kaelinsalazar/turing_projects/3-mod/music_festival_app/app/controllers/api/v1/schedules_controller.rb": {
        "lines": [
          1,
          1,
          2,
          2,
          null,
          null,
          1,
          2,
          1,
          null,
          1,
          null,
          null,
          1,
          3,
          3,
          3,
          1,
          1,
          null,
          null,
          2,
          2,
          1,
          1,
          null,
          null,
          1,
          null,
          1,
          1,
          1,
          1,
          null,
          0,
          null,
          null,
          null
        ]
      },
      "/Users/kaelinsalazar/turing_projects/3-mod/music_festival_app/app/controllers/application_controller.rb": {
        "lines": [
          1,
          null
        ]
      },
      "/Users/kaelinsalazar/turing_projects/3-mod/music_festival_app/app/serializers/schedule_serializer.rb": {
        "lines": [
          1,
          1,
          2,
          null,
          5,
          null,
          null,
          null,
          null,
          null,
          null,
          null,
          null,
          1,
          null,
          1,
          null,
          null,
          null,
          null,
          null,
          null,
          null,
          null,
          1,
          null,
          null,
          null,
          null,
          null,
          null,
          null,
          null,
          null,
          null,
          null,
          null,
          null,
          null,
          null
        ]
      },
      "/Users/kaelinsalazar/turing_projects/3-mod/music_festival_app/app/serializers/error_serializer.rb": {
        "lines": [
          1,
          1,
          null,
          3,
          null,
          null,
          null
        ]
      }
    },
    "timestamp": 1737561615
  }
}
